[     235ms] [INFO] %cDownload the React DevTools for a better development experience: https://reactjs.org/link/react-devtools font-weight:bold @ http://localhost:5173/node_modules/.vite/deps/chunk-XPR23Y44.js?v=2f808839:21548
[  240359ms] [ERROR] Failed to load resource: the server responded with a status of 400 (Bad Request) @ http://localhost:8000/api/solve:0
[ 9271431ms] [LOG] [vite] server connection lost. Polling for restart... @ http://localhost:5173/@vite/client:559
[ 9271769ms] [INFO] %cDownload the React DevTools for a better development experience: https://reactjs.org/link/react-devtools font-weight:bold @ http://localhost:5173/node_modules/.vite/deps/chunk-XPR23Y44.js?v=2f808839:21548
[71001526ms] [LOG] [vite] server connection lost. Polling for restart... @ http://localhost:5173/@vite/client:559
[71001891ms] [INFO] %cDownload the React DevTools for a better development experience: https://reactjs.org/link/react-devtools font-weight:bold @ http://localhost:5173/node_modules/.vite/deps/chunk-XPR23Y44.js?v=2f808839:21548
[74682047ms] [LOG] [vite] server connection lost. Polling for restart... @ http://localhost:5173/@vite/client:559
[74682458ms] [INFO] %cDownload the React DevTools for a better development experience: https://reactjs.org/link/react-devtools font-weight:bold @ http://localhost:5173/node_modules/.vite/deps/chunk-XPR23Y44.js?v=2f808839:21548
[83002430ms] [LOG] [vite] server connection lost. Polling for restart... @ http://localhost:5173/@vite/client:559
[83002813ms] [INFO] %cDownload the React DevTools for a better development experience: https://reactjs.org/link/react-devtools font-weight:bold @ http://localhost:5173/node_modules/.vite/deps/chunk-XPR23Y44.js?v=2f808839:21548
[85095027ms] [ERROR] Unable to preventDefault inside passive event listener invocation. @ http://localhost:5173/node_modules/.vite/deps/chunk-XPR23Y44.js?v=2f808839:5757
[85095046ms] [ERROR] Unable to preventDefault inside passive event listener invocation. @ http://localhost:5173/node_modules/.vite/deps/chunk-XPR23Y44.js?v=2f808839:5757
[85095063ms] [ERROR] Unable to preventDefault inside passive event listener invocation. @ http://localhost:5173/node_modules/.vite/deps/chunk-XPR23Y44.js?v=2f808839:5757
[85095080ms] [ERROR] Unable to preventDefault inside passive event listener invocation. @ http://localhost:5173/node_modules/.vite/deps/chunk-XPR23Y44.js?v=2f808839:5757
[85095096ms] [ERROR] Unable to preventDefault inside passive event listener invocation. @ http://localhost:5173/node_modules/.vite/deps/chunk-XPR23Y44.js?v=2f808839:5757
[85095113ms] [ERROR] Unable to preventDefault inside passive event listener invocation. @ http://localhost:5173/node_modules/.vite/deps/chunk-XPR23Y44.js?v=2f808839:5757
[85095130ms] [ERROR] Unable to preventDefault inside passive event listener invocation. @ http://localhost:5173/node_modules/.vite/deps/chunk-XPR23Y44.js?v=2f808839:5757
[85095147ms] [ERROR] Unable to preventDefault inside passive event listener invocation. @ http://localhost:5173/node_modules/.vite/deps/chunk-XPR23Y44.js?v=2f808839:5757
[85095847ms] [ERROR] Unable to preventDefault inside passive event listener invocation. @ http://localhost:5173/node_modules/.vite/deps/chunk-XPR23Y44.js?v=2f808839:5757
[85095863ms] [ERROR] Unable to preventDefault inside passive event listener invocation. @ http://localhost:5173/node_modules/.vite/deps/chunk-XPR23Y44.js?v=2f808839:5757
[85095879ms] [ERROR] Unable to preventDefault inside passive event listener invocation. @ http://localhost:5173/node_modules/.vite/deps/chunk-XPR23Y44.js?v=2f808839:5757
[85095896ms] [ERROR] Unable to preventDefault inside passive event listener invocation. @ http://localhost:5173/node_modules/.vite/deps/chunk-XPR23Y44.js?v=2f808839:5757
[85095913ms] [ERROR] Unable to preventDefault inside passive event listener invocation. @ http://localhost:5173/node_modules/.vite/deps/chunk-XPR23Y44.js?v=2f808839:5757
[85095930ms] [ERROR] Unable to preventDefault inside passive event listener invocation. @ http://localhost:5173/node_modules/.vite/deps/chunk-XPR23Y44.js?v=2f808839:5757
[85095945ms] [ERROR] Unable to preventDefault inside passive event listener invocation. @ http://localhost:5173/node_modules/.vite/deps/chunk-XPR23Y44.js?v=2f808839:5757
[85095963ms] [ERROR] Unable to preventDefault inside passive event listener invocation. @ http://localhost:5173/node_modules/.vite/deps/chunk-XPR23Y44.js?v=2f808839:5757
[85097342ms] [ERROR] Unable to preventDefault inside passive event listener invocation. @ http://localhost:5173/node_modules/.vite/deps/chunk-XPR23Y44.js?v=2f808839:5757
[85097364ms] [ERROR] Unable to preventDefault inside passive event listener invocation. @ http://localhost:5173/node_modules/.vite/deps/chunk-XPR23Y44.js?v=2f808839:5757
[85097379ms] [ERROR] Unable to preventDefault inside passive event listener invocation. @ http://localhost:5173/node_modules/.vite/deps/chunk-XPR23Y44.js?v=2f808839:5757
[85097419ms] [ERROR] Unable to preventDefault inside passive event listener invocation. @ http://localhost:5173/node_modules/.vite/deps/chunk-XPR23Y44.js?v=2f808839:5757
[85097430ms] [ERROR] Unable to preventDefault inside passive event listener invocation. @ http://localhost:5173/node_modules/.vite/deps/chunk-XPR23Y44.js?v=2f808839:5757
[85097447ms] [ERROR] Unable to preventDefault inside passive event listener invocation. @ http://localhost:5173/node_modules/.vite/deps/chunk-XPR23Y44.js?v=2f808839:5757
[85097463ms] [ERROR] Unable to preventDefault inside passive event listener invocation. @ http://localhost:5173/node_modules/.vite/deps/chunk-XPR23Y44.js?v=2f808839:5757
[85097463ms] [ERROR] Unable to preventDefault inside passive event listener invocation. @ http://localhost:5173/node_modules/.vite/deps/chunk-XPR23Y44.js?v=2f808839:5757
[85097480ms] [ERROR] Unable to preventDefault inside passive event listener invocation. @ http://localhost:5173/node_modules/.vite/deps/chunk-XPR23Y44.js?v=2f808839:5757
[85097496ms] [ERROR] Unable to preventDefault inside passive event listener invocation. @ http://localhost:5173/node_modules/.vite/deps/chunk-XPR23Y44.js?v=2f808839:5757
[85097513ms] [ERROR] Unable to preventDefault inside passive event listener invocation. @ http://localhost:5173/node_modules/.vite/deps/chunk-XPR23Y44.js?v=2f808839:5757
[85097529ms] [ERROR] Unable to preventDefault inside passive event listener invocation. @ http://localhost:5173/node_modules/.vite/deps/chunk-XPR23Y44.js?v=2f808839:5757
[85097546ms] [ERROR] Unable to preventDefault inside passive event listener invocation. @ http://localhost:5173/node_modules/.vite/deps/chunk-XPR23Y44.js?v=2f808839:5757
[85097563ms] [ERROR] Unable to preventDefault inside passive event listener invocation. @ http://localhost:5173/node_modules/.vite/deps/chunk-XPR23Y44.js?v=2f808839:5757
[85097580ms] [ERROR] Unable to preventDefault inside passive event listener invocation. @ http://localhost:5173/node_modules/.vite/deps/chunk-XPR23Y44.js?v=2f808839:5757
[85097596ms] [ERROR] Unable to preventDefault inside passive event listener invocation. @ http://localhost:5173/node_modules/.vite/deps/chunk-XPR23Y44.js?v=2f808839:5757
[85097630ms] [ERROR] Unable to preventDefault inside passive event listener invocation. @ http://localhost:5173/node_modules/.vite/deps/chunk-XPR23Y44.js?v=2f808839:5757
[85097675ms] [ERROR] Unable to preventDefault inside passive event listener invocation. @ http://localhost:5173/node_modules/.vite/deps/chunk-XPR23Y44.js?v=2f808839:5757
[85097696ms] [ERROR] Unable to preventDefault inside passive event listener invocation. @ http://localhost:5173/node_modules/.vite/deps/chunk-XPR23Y44.js?v=2f808839:5757
[85097713ms] [ERROR] Unable to preventDefault inside passive event listener invocation. @ http://localhost:5173/node_modules/.vite/deps/chunk-XPR23Y44.js?v=2f808839:5757
[85097730ms] [ERROR] Unable to preventDefault inside passive event listener invocation. @ http://localhost:5173/node_modules/.vite/deps/chunk-XPR23Y44.js?v=2f808839:5757
[85097753ms] [ERROR] Unable to preventDefault inside passive event listener invocation. @ http://localhost:5173/node_modules/.vite/deps/chunk-XPR23Y44.js?v=2f808839:5757
[85097763ms] [ERROR] Unable to preventDefault inside passive event listener invocation. @ http://localhost:5173/node_modules/.vite/deps/chunk-XPR23Y44.js?v=2f808839:5757
[85097780ms] [ERROR] Unable to preventDefault inside passive event listener invocation. @ http://localhost:5173/node_modules/.vite/deps/chunk-XPR23Y44.js?v=2f808839:5757
[85097795ms] [ERROR] Unable to preventDefault inside passive event listener invocation. @ http://localhost:5173/node_modules/.vite/deps/chunk-XPR23Y44.js?v=2f808839:5757
[85097812ms] [ERROR] Unable to preventDefault inside passive event listener invocation. @ http://localhost:5173/node_modules/.vite/deps/chunk-XPR23Y44.js?v=2f808839:5757
[85097830ms] [ERROR] Unable to preventDefault inside passive event listener invocation. @ http://localhost:5173/node_modules/.vite/deps/chunk-XPR23Y44.js?v=2f808839:5757
[85097847ms] [ERROR] Unable to preventDefault inside passive event listener invocation. @ http://localhost:5173/node_modules/.vite/deps/chunk-XPR23Y44.js?v=2f808839:5757
[85097862ms] [ERROR] Unable to preventDefault inside passive event listener invocation. @ http://localhost:5173/node_modules/.vite/deps/chunk-XPR23Y44.js?v=2f808839:5757
[85097879ms] [ERROR] Unable to preventDefault inside passive event listener invocation. @ http://localhost:5173/node_modules/.vite/deps/chunk-XPR23Y44.js?v=2f808839:5757
[85097897ms] [ERROR] Unable to preventDefault inside passive event listener invocation. @ http://localhost:5173/node_modules/.vite/deps/chunk-XPR23Y44.js?v=2f808839:5757
[85097913ms] [ERROR] Unable to preventDefault inside passive event listener invocation. @ http://localhost:5173/node_modules/.vite/deps/chunk-XPR23Y44.js?v=2f808839:5757
[85097930ms] [ERROR] Unable to preventDefault inside passive event listener invocation. @ http://localhost:5173/node_modules/.vite/deps/chunk-XPR23Y44.js?v=2f808839:5757
[85097946ms] [ERROR] Unable to preventDefault inside passive event listener invocation. @ http://localhost:5173/node_modules/.vite/deps/chunk-XPR23Y44.js?v=2f808839:5757
[85097963ms] [ERROR] Unable to preventDefault inside passive event listener invocation. @ http://localhost:5173/node_modules/.vite/deps/chunk-XPR23Y44.js?v=2f808839:5757
[85097980ms] [ERROR] Unable to preventDefault inside passive event listener invocation. @ http://localhost:5173/node_modules/.vite/deps/chunk-XPR23Y44.js?v=2f808839:5757
[85097996ms] [ERROR] Unable to preventDefault inside passive event listener invocation. @ http://localhost:5173/node_modules/.vite/deps/chunk-XPR23Y44.js?v=2f808839:5757
[85098013ms] [ERROR] Unable to preventDefault inside passive event listener invocation. @ http://localhost:5173/node_modules/.vite/deps/chunk-XPR23Y44.js?v=2f808839:5757
[85098030ms] [ERROR] Unable to preventDefault inside passive event listener invocation. @ http://localhost:5173/node_modules/.vite/deps/chunk-XPR23Y44.js?v=2f808839:5757
[85098046ms] [ERROR] Unable to preventDefault inside passive event listener invocation. @ http://localhost:5173/node_modules/.vite/deps/chunk-XPR23Y44.js?v=2f808839:5757
[85098063ms] [ERROR] Unable to preventDefault inside passive event listener invocation. @ http://localhost:5173/node_modules/.vite/deps/chunk-XPR23Y44.js?v=2f808839:5757
[85098080ms] [ERROR] Unable to preventDefault inside passive event listener invocation. @ http://localhost:5173/node_modules/.vite/deps/chunk-XPR23Y44.js?v=2f808839:5757
[85098097ms] [ERROR] Unable to preventDefault inside passive event listener invocation. @ http://localhost:5173/node_modules/.vite/deps/chunk-XPR23Y44.js?v=2f808839:5757
[85098113ms] [ERROR] Unable to preventDefault inside passive event listener invocation. @ http://localhost:5173/node_modules/.vite/deps/chunk-XPR23Y44.js?v=2f808839:5757
[85098130ms] [ERROR] Unable to preventDefault inside passive event listener invocation. @ http://localhost:5173/node_modules/.vite/deps/chunk-XPR23Y44.js?v=2f808839:5757
[85098147ms] [ERROR] Unable to preventDefault inside passive event listener invocation. @ http://localhost:5173/node_modules/.vite/deps/chunk-XPR23Y44.js?v=2f808839:5757
[85098163ms] [ERROR] Unable to preventDefault inside passive event listener invocation. @ http://localhost:5173/node_modules/.vite/deps/chunk-XPR23Y44.js?v=2f808839:5757
[85098180ms] [ERROR] Unable to preventDefault inside passive event listener invocation. @ http://localhost:5173/node_modules/.vite/deps/chunk-XPR23Y44.js?v=2f808839:5757
[85098197ms] [ERROR] Unable to preventDefault inside passive event listener invocation. @ http://localhost:5173/node_modules/.vite/deps/chunk-XPR23Y44.js?v=2f808839:5757
[85098213ms] [ERROR] Unable to preventDefault inside passive event listener invocation. @ http://localhost:5173/node_modules/.vite/deps/chunk-XPR23Y44.js?v=2f808839:5757
[85098230ms] [ERROR] Unable to preventDefault inside passive event listener invocation. @ http://localhost:5173/node_modules/.vite/deps/chunk-XPR23Y44.js?v=2f808839:5757
[85098247ms] [ERROR] Unable to preventDefault inside passive event listener invocation. @ http://localhost:5173/node_modules/.vite/deps/chunk-XPR23Y44.js?v=2f808839:5757
[85098263ms] [ERROR] Unable to preventDefault inside passive event listener invocation. @ http://localhost:5173/node_modules/.vite/deps/chunk-XPR23Y44.js?v=2f808839:5757
[85098280ms] [ERROR] Unable to preventDefault inside passive event listener invocation. @ http://localhost:5173/node_modules/.vite/deps/chunk-XPR23Y44.js?v=2f808839:5757
[85098297ms] [ERROR] Unable to preventDefault inside passive event listener invocation. @ http://localhost:5173/node_modules/.vite/deps/chunk-XPR23Y44.js?v=2f808839:5757
[85098330ms] [ERROR] Unable to preventDefault inside passive event listener invocation. @ http://localhost:5173/node_modules/.vite/deps/chunk-XPR23Y44.js?v=2f808839:5757
[85098510ms] [ERROR] Unable to preventDefault inside passive event listener invocation. @ http://localhost:5173/node_modules/.vite/deps/chunk-XPR23Y44.js?v=2f808839:5757
[85098530ms] [ERROR] Unable to preventDefault inside passive event listener invocation. @ http://localhost:5173/node_modules/.vite/deps/chunk-XPR23Y44.js?v=2f808839:5757
[85098547ms] [ERROR] Unable to preventDefault inside passive event listener invocation. @ http://localhost:5173/node_modules/.vite/deps/chunk-XPR23Y44.js?v=2f808839:5757
[85098580ms] [ERROR] Unable to preventDefault inside passive event listener invocation. @ http://localhost:5173/node_modules/.vite/deps/chunk-XPR23Y44.js?v=2f808839:5757
[85098597ms] [ERROR] Unable to preventDefault inside passive event listener invocation. @ http://localhost:5173/node_modules/.vite/deps/chunk-XPR23Y44.js?v=2f808839:5757
[85098630ms] [ERROR] Unable to preventDefault inside passive event listener invocation. @ http://localhost:5173/node_modules/.vite/deps/chunk-XPR23Y44.js?v=2f808839:5757
[85098647ms] [ERROR] Unable to preventDefault inside passive event listener invocation. @ http://localhost:5173/node_modules/.vite/deps/chunk-XPR23Y44.js?v=2f808839:5757
[85098680ms] [ERROR] Unable to preventDefault inside passive event listener invocation. @ http://localhost:5173/node_modules/.vite/deps/chunk-XPR23Y44.js?v=2f808839:5757
[85098764ms] [ERROR] Unable to preventDefault inside passive event listener invocation. @ http://localhost:5173/node_modules/.vite/deps/chunk-XPR23Y44.js?v=2f808839:5757
[85099020ms] [ERROR] Unable to preventDefault inside passive event listener invocation. @ http://localhost:5173/node_modules/.vite/deps/chunk-XPR23Y44.js?v=2f808839:5757
[85099029ms] [ERROR] Unable to preventDefault inside passive event listener invocation. @ http://localhost:5173/node_modules/.vite/deps/chunk-XPR23Y44.js?v=2f808839:5757
[85099047ms] [ERROR] Unable to preventDefault inside passive event listener invocation. @ http://localhost:5173/node_modules/.vite/deps/chunk-XPR23Y44.js?v=2f808839:5757
[85099063ms] [ERROR] Unable to preventDefault inside passive event listener invocation. @ http://localhost:5173/node_modules/.vite/deps/chunk-XPR23Y44.js?v=2f808839:5757
[85099080ms] [ERROR] Unable to preventDefault inside passive event listener invocation. @ http://localhost:5173/node_modules/.vite/deps/chunk-XPR23Y44.js?v=2f808839:5757
[85099096ms] [ERROR] Unable to preventDefault inside passive event listener invocation. @ http://localhost:5173/node_modules/.vite/deps/chunk-XPR23Y44.js?v=2f808839:5757
[85099113ms] [ERROR] Unable to preventDefault inside passive event listener invocation. @ http://localhost:5173/node_modules/.vite/deps/chunk-XPR23Y44.js?v=2f808839:5757
[85099130ms] [ERROR] Unable to preventDefault inside passive event listener invocation. @ http://localhost:5173/node_modules/.vite/deps/chunk-XPR23Y44.js?v=2f808839:5757
[85099146ms] [ERROR] Unable to preventDefault inside passive event listener invocation. @ http://localhost:5173/node_modules/.vite/deps/chunk-XPR23Y44.js?v=2f808839:5757
[85099162ms] [ERROR] Unable to preventDefault inside passive event listener invocation. @ http://localhost:5173/node_modules/.vite/deps/chunk-XPR23Y44.js?v=2f808839:5757
[85099180ms] [ERROR] Unable to preventDefault inside passive event listener invocation. @ http://localhost:5173/node_modules/.vite/deps/chunk-XPR23Y44.js?v=2f808839:5757
[85099197ms] [ERROR] Unable to preventDefault inside passive event listener invocation. @ http://localhost:5173/node_modules/.vite/deps/chunk-XPR23Y44.js?v=2f808839:5757
[85099213ms] [ERROR] Unable to preventDefault inside passive event listener invocation. @ http://localhost:5173/node_modules/.vite/deps/chunk-XPR23Y44.js?v=2f808839:5757
[85099230ms] [ERROR] Unable to preventDefault inside passive event listener invocation. @ http://localhost:5173/node_modules/.vite/deps/chunk-XPR23Y44.js?v=2f808839:5757
[85099247ms] [ERROR] Unable to preventDefault inside passive event listener invocation. @ http://localhost:5173/node_modules/.vite/deps/chunk-XPR23Y44.js?v=2f808839:5757
[85099263ms] [ERROR] Unable to preventDefault inside passive event listener invocation. @ http://localhost:5173/node_modules/.vite/deps/chunk-XPR23Y44.js?v=2f808839:5757
[85099280ms] [ERROR] Unable to preventDefault inside passive event listener invocation. @ http://localhost:5173/node_modules/.vite/deps/chunk-XPR23Y44.js?v=2f808839:5757
[85099296ms] [ERROR] Unable to preventDefault inside passive event listener invocation. @ http://localhost:5173/node_modules/.vite/deps/chunk-XPR23Y44.js?v=2f808839:5757
[85099313ms] [ERROR] Unable to preventDefault inside passive event listener invocation. @ http://localhost:5173/node_modules/.vite/deps/chunk-XPR23Y44.js?v=2f808839:5757
[85099330ms] [ERROR] Unable to preventDefault inside passive event listener invocation. @ http://localhost:5173/node_modules/.vite/deps/chunk-XPR23Y44.js?v=2f808839:5757
[85099542ms] [ERROR] Unable to preventDefault inside passive event listener invocation. @ http://localhost:5173/node_modules/.vite/deps/chunk-XPR23Y44.js?v=2f808839:5757
[85099563ms] [ERROR] Unable to preventDefault inside passive event listener invocation. @ http://localhost:5173/node_modules/.vite/deps/chunk-XPR23Y44.js?v=2f808839:5757
[85099580ms] [ERROR] Unable to preventDefault inside passive event listener invocation. @ http://localhost:5173/node_modules/.vite/deps/chunk-XPR23Y44.js?v=2f808839:5757
[85099613ms] [ERROR] Unable to preventDefault inside passive event listener invocation. @ http://localhost:5173/node_modules/.vite/deps/chunk-XPR23Y44.js?v=2f808839:5757
[85099629ms] [ERROR] Unable to preventDefault inside passive event listener invocation. @ http://localhost:5173/node_modules/.vite/deps/chunk-XPR23Y44.js?v=2f808839:5757
[85099646ms] [ERROR] Unable to preventDefault inside passive event listener invocation. @ http://localhost:5173/node_modules/.vite/deps/chunk-XPR23Y44.js?v=2f808839:5757
[85099663ms] [ERROR] Unable to preventDefault inside passive event listener invocation. @ http://localhost:5173/node_modules/.vite/deps/chunk-XPR23Y44.js?v=2f808839:5757
[85099680ms] [ERROR] Unable to preventDefault inside passive event listener invocation. @ http://localhost:5173/node_modules/.vite/deps/chunk-XPR23Y44.js?v=2f808839:5757
[85099696ms] [ERROR] Unable to preventDefault inside passive event listener invocation. @ http://localhost:5173/node_modules/.vite/deps/chunk-XPR23Y44.js?v=2f808839:5757
[85099713ms] [ERROR] Unable to preventDefault inside passive event listener invocation. @ http://localhost:5173/node_modules/.vite/deps/chunk-XPR23Y44.js?v=2f808839:5757
[85099730ms] [ERROR] Unable to preventDefault inside passive event listener invocation. @ http://localhost:5173/node_modules/.vite/deps/chunk-XPR23Y44.js?v=2f808839:5757
[85099746ms] [ERROR] Unable to preventDefault inside passive event listener invocation. @ http://localhost:5173/node_modules/.vite/deps/chunk-XPR23Y44.js?v=2f808839:5757
[85099763ms] [ERROR] Unable to preventDefault inside passive event listener invocation. @ http://localhost:5173/node_modules/.vite/deps/chunk-XPR23Y44.js?v=2f808839:5757
[85099780ms] [ERROR] Unable to preventDefault inside passive event listener invocation. @ http://localhost:5173/node_modules/.vite/deps/chunk-XPR23Y44.js?v=2f808839:5757
[85099796ms] [ERROR] Unable to preventDefault inside passive event listener invocation. @ http://localhost:5173/node_modules/.vite/deps/chunk-XPR23Y44.js?v=2f808839:5757
